d:\projects\sdfbuilder\debug\vc142.pdb
d:\projects\sdfbuilder\debug\vc142.idb
d:\projects\sdfbuilder\debug\utils.obj
d:\projects\sdfbuilder\debug\sdfbuilder.obj
d:\projects\sdfbuilder\debug\geometry.obj
d:\projects\sdfbuilder\debug\imgui-sfml.obj
d:\projects\sdfbuilder\debug\imgui_widgets.obj
d:\projects\sdfbuilder\debug\imgui_tables.obj
d:\projects\sdfbuilder\debug\imgui_draw.obj
d:\projects\sdfbuilder\debug\imgui_demo.obj
d:\projects\sdfbuilder\debug\imgui.obj
d:\projects\sdfbuilder\debug\sdfbuilder.exe
d:\projects\sdfbuilder\debug\sdfbuilder.ilk
d:\projects\sdfbuilder\debug\sdfbuilder.pdb
d:\projects\sdfbuilder\debug\sdfbuilder.tlog\cl.command.1.tlog
d:\projects\sdfbuilder\debug\sdfbuilder.tlog\cl.read.1.tlog
d:\projects\sdfbuilder\debug\sdfbuilder.tlog\cl.write.1.tlog
d:\projects\sdfbuilder\debug\sdfbuilder.tlog\link.command.1.tlog
d:\projects\sdfbuilder\debug\sdfbuilder.tlog\link.read.1.tlog
d:\projects\sdfbuilder\debug\sdfbuilder.tlog\link.write.1.tlog
